# JRE version: Java(TM) SE Runtime Environment (8.0_60-b27) (build 1.8.0_60-b27)
# Java VM: Java HotSpot(TM) 64-Bit Server VM (25.60-b23 mixed mode windows-amd64 compressed oops)
Heap:
 PSYoungGen      total 90624K, used 57251K [0x00000000eab00000, 0x00000000f3600000, 0x0000000100000000)
  eden space 76288K, 66% used [0x00000000eab00000,0x00000000edc781f0,0x00000000ef580000)
  from space 14336K, 46% used [0x00000000ef580000,0x00000000efbf0d70,0x00000000f0380000)
  to   space 22528K, 0% used [0x00000000f2000000,0x00000000f2000000,0x00000000f3600000)
 ParOldGen       total 78848K, used 33359K [0x00000000c0000000, 0x00000000c4d00000, 0x00000000eab00000)
  object space 78848K, 42% used [0x00000000c0000000,0x00000000c2093f00,0x00000000c4d00000)
 Metaspace       used 37451K, capacity 39237K, committed 39336K, reserved 1083392K
  class space    used 5261K, capacity 6010K, committed 6056K, reserved 1048576K
GC Heap History (10 events):
Event: 20.865 GC heap before
{Heap before GC invocations=7 (full 1):
 PSYoungGen      total 57344K, used 57324K [0x00000000eab00000, 0x00000000f0f80000, 0x0000000100000000)
  eden space 49152K, 100% used [0x00000000eab00000,0x00000000edb00000,0x00000000edb00000)
  from space 8192K, 99% used [0x00000000edb00000,0x00000000ee2fb248,0x00000000ee300000)
  to   space 12288K, 0% used [0x00000000f0380000,0x00000000f0380000,0x00000000f0f80000)
 ParOldGen       total 78848K, used 9858K [0x00000000c0000000, 0x00000000c4d00000, 0x00000000eab00000)
  object space 78848K, 12% used [0x00000000c0000000,0x00000000c09a09f0,0x00000000c4d00000)
 Metaspace       used 29990K, capacity 30830K, committed 31104K, reserved 1075200K
  class space    used 4044K, capacity 4417K, committed 4480K, reserved 1048576K
Event: 20.887 GC heap after
Heap after GC invocations=7 (full 1):
 PSYoungGen      total 88576K, used 12266K [0x00000000eab00000, 0x00000000f1900000, 0x0000000100000000)
  eden space 76288K, 0% used [0x00000000eab00000,0x00000000eab00000,0x00000000ef580000)
  from space 12288K, 99% used [0x00000000f0380000,0x00000000f0f7aa80,0x00000000f0f80000)
  to   space 14336K, 0% used [0x00000000ef580000,0x00000000ef580000,0x00000000f0380000)
 ParOldGen       total 78848K, used 11342K [0x00000000c0000000, 0x00000000c4d00000, 0x00000000eab00000)
  object space 78848K, 14% used [0x00000000c0000000,0x00000000c0b13b30,0x00000000c4d00000)
 Metaspace       used 29990K, capacity 30830K, committed 31104K, reserved 1075200K
  class space    used 4044K, capacity 4417K, committed 4480K, reserved 1048576K
}
Event: 23.552 GC heap before
{Heap before GC invocations=8 (full 1):
 PSYoungGen      total 88576K, used 88554K [0x00000000eab00000, 0x00000000f1900000, 0x0000000100000000)
  eden space 76288K, 100% used [0x00000000eab00000,0x00000000ef580000,0x00000000ef580000)
  from space 12288K, 99% used [0x00000000f0380000,0x00000000f0f7aa80,0x00000000f0f80000)
  to   space 14336K, 0% used [0x00000000ef580000,0x00000000ef580000,0x00000000f0380000)
 ParOldGen       total 78848K, used 11342K [0x00000000c0000000, 0x00000000c4d00000, 0x00000000eab00000)
  object space 78848K, 14% used [0x00000000c0000000,0x00000000c0b13b30,0x00000000c4d00000)
 Metaspace       used 32504K, capacity 33856K, committed 34048K, reserved 1079296K
  class space    used 4487K, capacity 4995K, committed 5120K, reserved 1048576K
Event: 23.581 GC heap after
Heap after GC invocations=8 (full 1):
 PSYoungGen      total 90624K, used 14304K [0x00000000eab00000, 0x00000000f1900000, 0x0000000100000000)
  eden space 76288K, 0% used [0x00000000eab00000,0x00000000eab00000,0x00000000ef580000)
  from space 14336K, 99% used [0x00000000ef580000,0x00000000f0378138,0x00000000f0380000)
  to   space 12288K, 0% used [0x00000000f0380000,0x00000000f0380000,0x00000000f0f80000)
 ParOldGen       total 78848K, used 18407K [0x00000000c0000000, 0x00000000c4d00000, 0x00000000eab00000)
  object space 78848K, 23% used [0x00000000c0000000,0x00000000c11f9d18,0x00000000c4d00000)
 Metaspace       used 32504K, capacity 33856K, committed 34048K, reserved 1079296K
  class space    used 4487K, capacity 4995K, committed 5120K, reserved 1048576K
}
Event: 24.386 GC heap before
{Heap before GC invocations=9 (full 1):
 PSYoungGen      total 90624K, used 67047K [0x00000000eab00000, 0x00000000f1900000, 0x0000000100000000)
  eden space 76288K, 69% used [0x00000000eab00000,0x00000000ede81cb0,0x00000000ef580000)
  from space 14336K, 99% used [0x00000000ef580000,0x00000000f0378138,0x00000000f0380000)
  to   space 12288K, 0% used [0x00000000f0380000,0x00000000f0380000,0x00000000f0f80000)
 ParOldGen       total 78848K, used 18407K [0x00000000c0000000, 0x00000000c4d00000, 0x00000000eab00000)
  object space 78848K, 23% used [0x00000000c0000000,0x00000000c11f9d18,0x00000000c4d00000)
 Metaspace       used 33866K, capacity 35326K, committed 35496K, reserved 1079296K
  class space    used 4735K, capacity 5265K, committed 5288K, reserved 1048576K
Event: 24.413 GC heap after
Heap after GC invocations=9 (full 1):
 PSYoungGen      total 88576K, used 12288K [0x00000000eab00000, 0x00000000f1900000, 0x0000000100000000)
  eden space 76288K, 0% used [0x00000000eab00000,0x00000000eab00000,0x00000000ef580000)
  from space 12288K, 100% used [0x00000000f0380000,0x00000000f0f80000,0x00000000f0f80000)
  to   space 14336K, 0% used [0x00000000ef580000,0x00000000ef580000,0x00000000f0380000)
 ParOldGen       total 78848K, used 26124K [0x00000000c0000000, 0x00000000c4d00000, 0x00000000eab00000)
  object space 78848K, 33% used [0x00000000c0000000,0x00000000c1983228,0x00000000c4d00000)
 Metaspace       used 33866K, capacity 35326K, committed 35496K, reserved 1079296K
  class space    used 4735K, capacity 5265K, committed 5288K, reserved 1048576K
}
Event: 24.413 GC heap before
{Heap before GC invocations=10 (full 2):
 PSYoungGen      total 88576K, used 12288K [0x00000000eab00000, 0x00000000f1900000, 0x0000000100000000)
  eden space 76288K, 0% used [0x00000000eab00000,0x00000000eab00000,0x00000000ef580000)
  from space 12288K, 100% used [0x00000000f0380000,0x00000000f0f80000,0x00000000f0f80000)
  to   space 14336K, 0% used [0x00000000ef580000,0x00000000ef580000,0x00000000f0380000)
 ParOldGen       total 78848K, used 26124K [0x00000000c0000000, 0x00000000c4d00000, 0x00000000eab00000)
  object space 78848K, 33% used [0x00000000c0000000,0x00000000c1983228,0x00000000c4d00000)
 Metaspace       used 33866K, capacity 35326K, committed 35496K, reserved 1079296K
  class space    used 4735K, capacity 5265K, committed 5288K, reserved 1048576K
Event: 24.668 GC heap after
Heap after GC invocations=10 (full 2):
 PSYoungGen      total 88576K, used 0K [0x00000000eab00000, 0x00000000f1900000, 0x0000000100000000)
  eden space 76288K, 0% used [0x00000000eab00000,0x00000000eab00000,0x00000000ef580000)
  from space 12288K, 0% used [0x00000000f0380000,0x00000000f0380000,0x00000000f0f80000)
  to   space 14336K, 0% used [0x00000000ef580000,0x00000000ef580000,0x00000000f0380000)
 ParOldGen       total 78848K, used 33359K [0x00000000c0000000, 0x00000000c4d00000, 0x00000000eab00000)
  object space 78848K, 42% used [0x00000000c0000000,0x00000000c2093f00,0x00000000c4d00000)
 Metaspace       used 33866K, capacity 35326K, committed 35496K, reserved 1079296K
  class space    used 4735K, capacity 5265K, committed 5288K, reserved 1048576K
}
Event: 25.911 GC heap before
{Heap before GC invocations=11 (full 2):
 PSYoungGen      total 88576K, used 76288K [0x00000000eab00000, 0x00000000f1900000, 0x0000000100000000)
  eden space 76288K, 100% used [0x00000000eab00000,0x00000000ef580000,0x00000000ef580000)
  from space 12288K, 0% used [0x00000000f0380000,0x00000000f0380000,0x00000000f0f80000)
  to   space 14336K, 0% used [0x00000000ef580000,0x00000000ef580000,0x00000000f0380000)
 ParOldGen       total 78848K, used 33359K [0x00000000c0000000, 0x00000000c4d00000, 0x00000000eab00000)
  object space 78848K, 42% used [0x00000000c0000000,0x00000000c2093f00,0x00000000c4d00000)
 Metaspace       used 36794K, capacity 38416K, committed 38696K, reserved 1081344K
  class space    used 5191K, capacity 5859K, committed 5928K, reserved 1048576K
Event: 25.920 GC heap after
Heap after GC invocations=11 (full 2):
 PSYoungGen      total 90624K, used 6595K [0x00000000eab00000, 0x00000000f3600000, 0x0000000100000000)
  eden space 76288K, 0% used [0x00000000eab00000,0x00000000eab00000,0x00000000ef580000)
  from space 14336K, 46% used [0x00000000ef580000,0x00000000efbf0d70,0x00000000f0380000)
  to   space 22528K, 0% used [0x00000000f2000000,0x00000000f2000000,0x00000000f3600000)
 ParOldGen       total 78848K, used 33359K [0x00000000c0000000, 0x00000000c4d00000, 0x00000000eab00000)
  object space 78848K, 42% used [0x00000000c0000000,0x00000000c2093f00,0x00000000c4d00000)
 Metaspace       used 36794K, capacity 38416K, committed 38696K, reserved 1081344K
  class space    used 5191K, capacity 5859K, committed 5928K, reserved 1048576K
}

