# JRE version: Java(TM) SE Runtime Environment (8.0_60-b27) (build 1.8.0_60-b27)
# Java VM: Java HotSpot(TM) 64-Bit Server VM (25.60-b23 mixed mode windows-amd64 compressed oops)
Heap:
 PSYoungGen      total 115200K, used 103588K [0x00000000eab00000, 0x00000000f3780000, 0x0000000100000000)
  eden space 102912K, 94% used [0x00000000eab00000,0x00000000f09b84e0,0x00000000f0f80000)
  from space 12288K, 53% used [0x00000000f2b80000,0x00000000f31f0d70,0x00000000f3780000)
  to   space 20480K, 0% used [0x00000000f0f80000,0x00000000f0f80000,0x00000000f2380000)
 ParOldGen       total 103936K, used 33767K [0x00000000c0000000, 0x00000000c6580000, 0x00000000eab00000)
  object space 103936K, 32% used [0x00000000c0000000,0x00000000c20f9fd0,0x00000000c6580000)
 Metaspace       used 38878K, capacity 40947K, committed 41128K, reserved 1083392K
  class space    used 5506K, capacity 6258K, committed 6312K, reserved 1048576K
GC Heap History (10 events):
Event: 35.554 GC heap before
{Heap before GC invocations=8 (full 1):
 PSYoungGen      total 57344K, used 57338K [0x00000000eab00000, 0x00000000f1800000, 0x0000000100000000)
  eden space 45568K, 100% used [0x00000000eab00000,0x00000000ed780000,0x00000000ed780000)
  from space 11776K, 99% used [0x00000000ee580000,0x00000000ef0fea60,0x00000000ef100000)
  to   space 14336K, 0% used [0x00000000ed780000,0x00000000ed780000,0x00000000ee580000)
 ParOldGen       total 60416K, used 11794K [0x00000000c0000000, 0x00000000c3b00000, 0x00000000eab00000)
  object space 60416K, 19% used [0x00000000c0000000,0x00000000c0b84848,0x00000000c3b00000)
 Metaspace       used 31464K, capacity 32648K, committed 32768K, reserved 1077248K
  class space    used 4316K, capacity 4786K, committed 4864K, reserved 1048576K
Event: 35.577 GC heap after
Heap after GC invocations=8 (full 1):
 PSYoungGen      total 59904K, used 14305K [0x00000000eab00000, 0x00000000f1800000, 0x0000000100000000)
  eden space 45568K, 0% used [0x00000000eab00000,0x00000000eab00000,0x00000000ed780000)
  from space 14336K, 99% used [0x00000000ed780000,0x00000000ee5787c0,0x00000000ee580000)
  to   space 17408K, 0% used [0x00000000f0700000,0x00000000f0700000,0x00000000f1800000)
 ParOldGen       total 60416K, used 14242K [0x00000000c0000000, 0x00000000c3b00000, 0x00000000eab00000)
  object space 60416K, 23% used [0x00000000c0000000,0x00000000c0de8a80,0x00000000c3b00000)
 Metaspace       used 31464K, capacity 32648K, committed 32768K, reserved 1077248K
  class space    used 4316K, capacity 4786K, committed 4864K, reserved 1048576K
}
Event: 36.960 GC heap before
{Heap before GC invocations=9 (full 1):
 PSYoungGen      total 59904K, used 59873K [0x00000000eab00000, 0x00000000f1800000, 0x0000000100000000)
  eden space 45568K, 100% used [0x00000000eab00000,0x00000000ed780000,0x00000000ed780000)
  from space 14336K, 99% used [0x00000000ed780000,0x00000000ee5787c0,0x00000000ee580000)
  to   space 17408K, 0% used [0x00000000f0700000,0x00000000f0700000,0x00000000f1800000)
 ParOldGen       total 60416K, used 14242K [0x00000000c0000000, 0x00000000c3b00000, 0x00000000eab00000)
  object space 60416K, 23% used [0x00000000c0000000,0x00000000c0de8a80,0x00000000c3b00000)
 Metaspace       used 32781K, capacity 34244K, committed 34560K, reserved 1079296K
  class space    used 4536K, capacity 5031K, committed 5120K, reserved 1048576K
Event: 36.988 GC heap after
Heap after GC invocations=9 (full 1):
 PSYoungGen      total 90624K, used 17401K [0x00000000eab00000, 0x00000000f2100000, 0x0000000100000000)
  eden space 73216K, 0% used [0x00000000eab00000,0x00000000eab00000,0x00000000ef280000)
  from space 17408K, 99% used [0x00000000f0700000,0x00000000f17fe720,0x00000000f1800000)
  to   space 20992K, 0% used [0x00000000ef280000,0x00000000ef280000,0x00000000f0700000)
 ParOldGen       total 60416K, used 17045K [0x00000000c0000000, 0x00000000c3b00000, 0x00000000eab00000)
  object space 60416K, 28% used [0x00000000c0000000,0x00000000c10a56a8,0x00000000c3b00000)
 Metaspace       used 32781K, capacity 34244K, committed 34560K, reserved 1079296K
  class space    used 4536K, capacity 5031K, committed 5120K, reserved 1048576K
}
Event: 37.833 GC heap before
{Heap before GC invocations=10 (full 1):
 PSYoungGen      total 90624K, used 55859K [0x00000000eab00000, 0x00000000f2100000, 0x0000000100000000)
  eden space 73216K, 52% used [0x00000000eab00000,0x00000000ed08e8b8,0x00000000ef280000)
  from space 17408K, 99% used [0x00000000f0700000,0x00000000f17fe720,0x00000000f1800000)
  to   space 20992K, 0% used [0x00000000ef280000,0x00000000ef280000,0x00000000f0700000)
 ParOldGen       total 60416K, used 17045K [0x00000000c0000000, 0x00000000c3b00000, 0x00000000eab00000)
  object space 60416K, 28% used [0x00000000c0000000,0x00000000c10a56a8,0x00000000c3b00000)
 Metaspace       used 33851K, capacity 35334K, committed 35496K, reserved 1079296K
  class space    used 4733K, capacity 5264K, committed 5288K, reserved 1048576K
Event: 37.896 GC heap after
Heap after GC invocations=10 (full 1):
 PSYoungGen      total 94208K, used 12937K [0x00000000eab00000, 0x00000000f3f80000, 0x0000000100000000)
  eden space 73216K, 0% used [0x00000000eab00000,0x00000000eab00000,0x00000000ef280000)
  from space 20992K, 61% used [0x00000000ef280000,0x00000000eff22730,0x00000000f0700000)
  to   space 20480K, 0% used [0x00000000f2b80000,0x00000000f2b80000,0x00000000f3f80000)
 ParOldGen       total 60416K, used 25331K [0x00000000c0000000, 0x00000000c3b00000, 0x00000000eab00000)
  object space 60416K, 41% used [0x00000000c0000000,0x00000000c18bce80,0x00000000c3b00000)
 Metaspace       used 33851K, capacity 35334K, committed 35496K, reserved 1079296K
  class space    used 4733K, capacity 5264K, committed 5288K, reserved 1048576K
}
Event: 37.896 GC heap before
{Heap before GC invocations=11 (full 2):
 PSYoungGen      total 94208K, used 12937K [0x00000000eab00000, 0x00000000f3f80000, 0x0000000100000000)
  eden space 73216K, 0% used [0x00000000eab00000,0x00000000eab00000,0x00000000ef280000)
  from space 20992K, 61% used [0x00000000ef280000,0x00000000eff22730,0x00000000f0700000)
  to   space 20480K, 0% used [0x00000000f2b80000,0x00000000f2b80000,0x00000000f3f80000)
 ParOldGen       total 60416K, used 25331K [0x00000000c0000000, 0x00000000c3b00000, 0x00000000eab00000)
  object space 60416K, 41% used [0x00000000c0000000,0x00000000c18bce80,0x00000000c3b00000)
 Metaspace       used 33851K, capacity 35334K, committed 35496K, reserved 1079296K
  class space    used 4733K, capacity 5264K, committed 5288K, reserved 1048576K
Event: 38.307 GC heap after
Heap after GC invocations=11 (full 2):
 PSYoungGen      total 94208K, used 0K [0x00000000eab00000, 0x00000000f3f80000, 0x0000000100000000)
  eden space 73216K, 0% used [0x00000000eab00000,0x00000000eab00000,0x00000000ef280000)
  from space 20992K, 0% used [0x00000000ef280000,0x00000000ef280000,0x00000000f0700000)
  to   space 20480K, 0% used [0x00000000f2b80000,0x00000000f2b80000,0x00000000f3f80000)
 ParOldGen       total 103936K, used 33767K [0x00000000c0000000, 0x00000000c6580000, 0x00000000eab00000)
  object space 103936K, 32% used [0x00000000c0000000,0x00000000c20f9fd0,0x00000000c6580000)
 Metaspace       used 33851K, capacity 35334K, committed 35496K, reserved 1079296K
  class space    used 4733K, capacity 5264K, committed 5288K, reserved 1048576K
}
Event: 39.975 GC heap before
{Heap before GC invocations=12 (full 2):
 PSYoungGen      total 94208K, used 73216K [0x00000000eab00000, 0x00000000f3f80000, 0x0000000100000000)
  eden space 73216K, 100% used [0x00000000eab00000,0x00000000ef280000,0x00000000ef280000)
  from space 20992K, 0% used [0x00000000ef280000,0x00000000ef280000,0x00000000f0700000)
  to   space 20480K, 0% used [0x00000000f2b80000,0x00000000f2b80000,0x00000000f3f80000)
 ParOldGen       total 103936K, used 33767K [0x00000000c0000000, 0x00000000c6580000, 0x00000000eab00000)
  object space 103936K, 32% used [0x00000000c0000000,0x00000000c20f9fd0,0x00000000c6580000)
 Metaspace       used 36888K, capacity 38521K, committed 38696K, reserved 1081344K
  class space    used 5191K, capacity 5857K, committed 5928K, reserved 1048576K
Event: 39.986 GC heap after
Heap after GC invocations=12 (full 2):
 PSYoungGen      total 115200K, used 6595K [0x00000000eab00000, 0x00000000f3780000, 0x0000000100000000)
  eden space 102912K, 0% used [0x00000000eab00000,0x00000000eab00000,0x00000000f0f80000)
  from space 12288K, 53% used [0x00000000f2b80000,0x00000000f31f0d70,0x00000000f3780000)
  to   space 20480K, 0% used [0x00000000f0f80000,0x00000000f0f80000,0x00000000f2380000)
 ParOldGen       total 103936K, used 33767K [0x00000000c0000000, 0x00000000c6580000, 0x00000000eab00000)
  object space 103936K, 32% used [0x00000000c0000000,0x00000000c20f9fd0,0x00000000c6580000)
 Metaspace       used 36888K, capacity 38521K, committed 38696K, reserved 1081344K
  class space    used 5191K, capacity 5857K, committed 5928K, reserved 1048576K
}

